[debug] [2022-03-20T15:12:56.086Z] ----------------------------------------------------------------------
[debug] [2022-03-20T15:12:56.088Z] Command:       C:\Program Files\nodejs\node.exe C:\Users\iwogr\AppData\Roaming\npm\node_modules\firebase-tools\lib\bin\firebase.js init
[debug] [2022-03-20T15:12:56.088Z] CLI Version:   10.4.0
[debug] [2022-03-20T15:12:56.089Z] Platform:      win32
[debug] [2022-03-20T15:12:56.089Z] Node Version:  v16.13.2
[debug] [2022-03-20T15:12:56.090Z] Time:          Sun Mar 20 2022 15:12:56 GMT+0000 (Greenwich Mean Time)
[debug] [2022-03-20T15:12:56.090Z] ----------------------------------------------------------------------
[debug] 
[debug] [2022-03-20T15:12:56.163Z] > command requires scopes: ["email","openid","https://www.googleapis.com/auth/cloudplatformprojects.readonly","https://www.googleapis.com/auth/firebase","https://www.googleapis.com/auth/cloud-platform"]
[debug] [2022-03-20T15:12:56.163Z] > authorizing via signed-in user (trenchwarfare820@gmail.com)
[info] 
     ######## #### ########  ######## ########     ###     ######  ########
     ##        ##  ##     ## ##       ##     ##  ##   ##  ##       ##
     ######    ##  ########  ######   ########  #########  ######  ######
     ##        ##  ##    ##  ##       ##     ## ##     ##       ## ##
     ##       #### ##     ## ######## ########  ##     ##  ######  ########

You're about to initialize a Firebase project in this directory:

  C:\Users\iwogr\Documents\Work\turf-warfare-website

Before we get started, keep in mind:

  * You are initializing within an existing Firebase project directory

[info] 
=== Project Setup
[info] 
[info] First, let's associate this project directory with a Firebase project.
[info] You can create multiple project aliases by running firebase use --add, 
[info] but for now we'll just set up a default project.
[info] 
[debug] [2022-03-20T15:13:55.373Z] Using project from CLI flag: turf-warfare
[debug] [2022-03-20T15:13:55.376Z] >>> [apiv2][query] GET https://firebase.googleapis.com/v1beta1/projects/turf-warfare [none]
[debug] [2022-03-20T15:13:55.615Z] <<< [apiv2][status] GET https://firebase.googleapis.com/v1beta1/projects/turf-warfare 403
[debug] [2022-03-20T15:13:55.616Z] <<< [apiv2][body] GET https://firebase.googleapis.com/v1beta1/projects/turf-warfare {"error":{"code":403,"message":"The caller does not have permission","status":"PERMISSION_DENIED"}}
[debug] [2022-03-20T15:13:55.616Z] HTTP Error: 403, The caller does not have permission
[debug] [2022-03-20T15:13:55.617Z] FirebaseError: HTTP Error: 403, The caller does not have permission
    at module.exports (C:\Users\iwogr\AppData\Roaming\npm\node_modules\firebase-tools\lib\responseToError.js:47:12)
    at RetryOperation._fn (C:\Users\iwogr\AppData\Roaming\npm\node_modules\firebase-tools\lib\apiv2.js:286:39)
    at processTicksAndRejections (node:internal/process/task_queues:96:5)
[error] 
[error] Error: Failed to get Firebase project turf-warfare. Please make sure the project exists and your account has permission to access it.
